<?xml version="1.0" ?>
<coverage branch-rate="0" branches-covered="0" branches-valid="0" complexity="0" line-rate="0.08065" lines-covered="30" lines-valid="372" timestamp="1574948111378" version="4.5.4">
	<!-- Generated by coverage.py: https://coverage.readthedocs.io -->
	<!-- Based on https://raw.githubusercontent.com/cobertura/web/master/htdocs/xml/coverage-04.dtd -->
	<sources>
		<source>/home/saurabh/Documents/DjangoProjects/SerializerPractise/serializerApp</source>
	</sources>
	<packages>
		<package branch-rate="0" complexity="0" line-rate="0.08451" name=".">
			<classes>
				<class branch-rate="0" complexity="0" filename="__init__.py" line-rate="1" name="__init__.py">
					<methods/>
					<lines/>
				</class>
				<class branch-rate="0" complexity="0" filename="admin.py" line-rate="0" name="admin.py">
					<methods/>
					<lines>
						<line hits="0" number="1"/>
					</lines>
				</class>
				<class branch-rate="0" complexity="0" filename="apps.py" line-rate="0" name="apps.py">
					<methods/>
					<lines>
						<line hits="0" number="1"/>
						<line hits="0" number="4"/>
						<line hits="0" number="5"/>
					</lines>
				</class>
				<class branch-rate="0" complexity="0" filename="middleware.py" line-rate="0" name="middleware.py">
					<methods/>
					<lines>
						<line hits="0" number="1"/>
						<line hits="0" number="2"/>
						<line hits="0" number="3"/>
						<line hits="0" number="4"/>
						<line hits="0" number="6"/>
						<line hits="0" number="9"/>
						<line hits="0" number="15"/>
						<line hits="0" number="17"/>
						<line hits="0" number="21"/>
						<line hits="0" number="22"/>
						<line hits="0" number="23"/>
						<line hits="0" number="25"/>
						<line hits="0" number="26"/>
					</lines>
				</class>
				<class branch-rate="0" complexity="0" filename="models.py" line-rate="0" name="models.py">
					<methods/>
					<lines>
						<line hits="0" number="1"/>
						<line hits="0" number="5"/>
						<line hits="0" number="7"/>
						<line hits="0" number="8"/>
						<line hits="0" number="9"/>
						<line hits="0" number="10"/>
						<line hits="0" number="11"/>
						<line hits="0" number="13"/>
						<line hits="0" number="15"/>
						<line hits="0" number="17"/>
						<line hits="0" number="18"/>
					</lines>
				</class>
				<class branch-rate="0" complexity="0" filename="receive.py" line-rate="0" name="receive.py">
					<methods/>
					<lines>
						<line hits="0" number="2"/>
						<line hits="0" number="4"/>
						<line hits="0" number="6"/>
						<line hits="0" number="8"/>
						<line hits="0" number="11"/>
						<line hits="0" number="12"/>
						<line hits="0" number="15"/>
						<line hits="0" number="18"/>
						<line hits="0" number="19"/>
					</lines>
				</class>
				<class branch-rate="0" complexity="0" filename="send.py" line-rate="0" name="send.py">
					<methods/>
					<lines>
						<line hits="0" number="2"/>
						<line hits="0" number="13"/>
						<line hits="0" number="17"/>
						<line hits="0" number="18"/>
						<line hits="0" number="20"/>
						<line hits="0" number="22"/>
						<line hits="0" number="29"/>
						<line hits="0" number="33"/>
						<line hits="0" number="35"/>
					</lines>
				</class>
				<class branch-rate="0" complexity="0" filename="serializers.py" line-rate="0" name="serializers.py">
					<methods/>
					<lines>
						<line hits="0" number="2"/>
						<line hits="0" number="3"/>
						<line hits="0" number="4"/>
						<line hits="0" number="6"/>
						<line hits="0" number="8"/>
						<line hits="0" number="9"/>
						<line hits="0" number="10"/>
						<line hits="0" number="11"/>
						<line hits="0" number="12"/>
						<line hits="0" number="14"/>
						<line hits="0" number="16"/>
						<line hits="0" number="29"/>
						<line hits="0" number="31"/>
						<line hits="0" number="32"/>
						<line hits="0" number="34"/>
						<line hits="0" number="36"/>
						<line hits="0" number="37"/>
						<line hits="0" number="38"/>
						<line hits="0" number="39"/>
						<line hits="0" number="40"/>
						<line hits="0" number="41"/>
						<line hits="0" number="43"/>
						<line hits="0" number="45"/>
						<line hits="0" number="47"/>
						<line hits="0" number="49"/>
						<line hits="0" number="51"/>
						<line hits="0" number="52"/>
						<line hits="0" number="55"/>
						<line hits="0" number="57"/>
						<line hits="0" number="59"/>
						<line hits="0" number="60"/>
						<line hits="0" number="62"/>
						<line hits="0" number="64"/>
						<line hits="0" number="66"/>
						<line hits="0" number="67"/>
					</lines>
				</class>
				<class branch-rate="0" complexity="0" filename="tests.py" line-rate="0.8571" name="tests.py">
					<methods/>
					<lines>
						<line hits="1" number="1"/>
						<line hits="1" number="4"/>
						<line hits="1" number="6"/>
						<line hits="1" number="7"/>
						<line hits="1" number="8"/>
						<line hits="1" number="11"/>
						<line hits="1" number="14"/>
						<line hits="1" number="15"/>
						<line hits="1" number="16"/>
						<line hits="1" number="19"/>
						<line hits="1" number="20"/>
						<line hits="1" number="23"/>
						<line hits="1" number="24"/>
						<line hits="1" number="25"/>
						<line hits="1" number="26"/>
						<line hits="1" number="27"/>
						<line hits="1" number="28"/>
						<line hits="1" number="30"/>
						<line hits="1" number="32"/>
						<line hits="1" number="34"/>
						<line hits="0" number="35"/>
						<line hits="0" number="36"/>
						<line hits="0" number="38"/>
						<line hits="0" number="40"/>
						<line hits="0" number="41"/>
						<line hits="1" number="45"/>
						<line hits="1" number="47"/>
						<line hits="1" number="49"/>
						<line hits="1" number="56"/>
						<line hits="1" number="58"/>
						<line hits="1" number="61"/>
						<line hits="1" number="62"/>
						<line hits="1" number="63"/>
						<line hits="1" number="65"/>
						<line hits="1" number="67"/>
					</lines>
				</class>
				<class branch-rate="0" complexity="0" filename="utils.py" line-rate="0" name="utils.py">
					<methods/>
					<lines>
						<line hits="0" number="1"/>
						<line hits="0" number="2"/>
						<line hits="0" number="4"/>
						<line hits="0" number="6"/>
						<line hits="0" number="9"/>
						<line hits="0" number="10"/>
						<line hits="0" number="11"/>
						<line hits="0" number="13"/>
					</lines>
				</class>
				<class branch-rate="0" complexity="0" filename="views.py" line-rate="0" name="views.py">
					<methods/>
					<lines>
						<line hits="0" number="1"/>
						<line hits="0" number="5"/>
						<line hits="0" number="6"/>
						<line hits="0" number="7"/>
						<line hits="0" number="8"/>
						<line hits="0" number="9"/>
						<line hits="0" number="10"/>
						<line hits="0" number="11"/>
						<line hits="0" number="12"/>
						<line hits="0" number="13"/>
						<line hits="0" number="14"/>
						<line hits="0" number="15"/>
						<line hits="0" number="16"/>
						<line hits="0" number="17"/>
						<line hits="0" number="18"/>
						<line hits="0" number="19"/>
						<line hits="0" number="21"/>
						<line hits="0" number="22"/>
						<line hits="0" number="23"/>
						<line hits="0" number="24"/>
						<line hits="0" number="26"/>
						<line hits="0" number="27"/>
						<line hits="0" number="29"/>
						<line hits="0" number="31"/>
						<line hits="0" number="33"/>
						<line hits="0" number="35"/>
						<line hits="0" number="48"/>
						<line hits="0" number="64"/>
						<line hits="0" number="65"/>
						<line hits="0" number="68"/>
						<line hits="0" number="70"/>
						<line hits="0" number="71"/>
						<line hits="0" number="73"/>
						<line hits="0" number="75"/>
						<line hits="0" number="80"/>
						<line hits="0" number="81"/>
						<line hits="0" number="82"/>
						<line hits="0" number="84"/>
						<line hits="0" number="87"/>
						<line hits="0" number="89"/>
						<line hits="0" number="91"/>
						<line hits="0" number="93"/>
						<line hits="0" number="95"/>
						<line hits="0" number="96"/>
						<line hits="0" number="98"/>
						<line hits="0" number="100"/>
						<line hits="0" number="102"/>
						<line hits="0" number="104"/>
						<line hits="0" number="107"/>
						<line hits="0" number="109"/>
						<line hits="0" number="114"/>
						<line hits="0" number="116"/>
						<line hits="0" number="117"/>
						<line hits="0" number="119"/>
						<line hits="0" number="120"/>
						<line hits="0" number="121"/>
						<line hits="0" number="123"/>
						<line hits="0" number="125"/>
						<line hits="0" number="127"/>
						<line hits="0" number="128"/>
						<line hits="0" number="129"/>
						<line hits="0" number="132"/>
						<line hits="0" number="137"/>
						<line hits="0" number="138"/>
						<line hits="0" number="140"/>
						<line hits="0" number="142"/>
						<line hits="0" number="146"/>
						<line hits="0" number="147"/>
						<line hits="0" number="149"/>
						<line hits="0" number="150"/>
						<line hits="0" number="152"/>
						<line hits="0" number="153"/>
						<line hits="0" number="155"/>
						<line hits="0" number="156"/>
						<line hits="0" number="157"/>
						<line hits="0" number="159"/>
						<line hits="0" number="160"/>
						<line hits="0" number="161"/>
						<line hits="0" number="163"/>
						<line hits="0" number="165"/>
						<line hits="0" number="167"/>
						<line hits="0" number="171"/>
						<line hits="0" number="172"/>
						<line hits="0" number="174"/>
						<line hits="0" number="176"/>
						<line hits="0" number="177"/>
						<line hits="0" number="178"/>
						<line hits="0" number="180"/>
						<line hits="0" number="182"/>
						<line hits="0" number="183"/>
						<line hits="0" number="186"/>
						<line hits="0" number="187"/>
						<line hits="0" number="192"/>
						<line hits="0" number="193"/>
						<line hits="0" number="194"/>
						<line hits="0" number="195"/>
						<line hits="0" number="198"/>
						<line hits="0" number="199"/>
						<line hits="0" number="200"/>
						<line hits="0" number="209"/>
						<line hits="0" number="212"/>
						<line hits="0" number="214"/>
						<line hits="0" number="219"/>
						<line hits="0" number="221"/>
						<line hits="0" number="223"/>
						<line hits="0" number="225"/>
						<line hits="0" number="226"/>
						<line hits="0" number="227"/>
						<line hits="0" number="228"/>
						<line hits="0" number="229"/>
						<line hits="0" number="231"/>
						<line hits="0" number="236"/>
						<line hits="0" number="237"/>
						<line hits="0" number="239"/>
						<line hits="0" number="240"/>
						<line hits="0" number="244"/>
						<line hits="0" number="245"/>
						<line hits="0" number="247"/>
						<line hits="0" number="249"/>
						<line hits="0" number="251"/>
						<line hits="0" number="253"/>
						<line hits="0" number="254"/>
						<line hits="0" number="255"/>
						<line hits="0" number="257"/>
						<line hits="0" number="259"/>
						<line hits="0" number="261"/>
						<line hits="0" number="265"/>
						<line hits="0" number="267"/>
						<line hits="0" number="269"/>
						<line hits="0" number="270"/>
						<line hits="0" number="271"/>
						<line hits="0" number="273"/>
						<line hits="0" number="275"/>
						<line hits="0" number="276"/>
						<line hits="0" number="277"/>
						<line hits="0" number="279"/>
						<line hits="0" number="280"/>
						<line hits="0" number="282"/>
						<line hits="0" number="283"/>
						<line hits="0" number="285"/>
						<line hits="0" number="287"/>
						<line hits="0" number="292"/>
						<line hits="0" number="293"/>
						<line hits="0" number="294"/>
						<line hits="0" number="295"/>
						<line hits="0" number="296"/>
						<line hits="0" number="297"/>
						<line hits="0" number="298"/>
						<line hits="0" number="300"/>
						<line hits="0" number="302"/>
						<line hits="0" number="303"/>
						<line hits="0" number="304"/>
						<line hits="0" number="306"/>
						<line hits="0" number="308"/>
						<line hits="0" number="309"/>
						<line hits="0" number="310"/>
						<line hits="0" number="312"/>
						<line hits="0" number="314"/>
						<line hits="0" number="317"/>
						<line hits="0" number="326"/>
						<line hits="0" number="327"/>
						<line hits="0" number="330"/>
						<line hits="0" number="331"/>
						<line hits="0" number="332"/>
						<line hits="0" number="333"/>
						<line hits="0" number="335"/>
						<line hits="0" number="337"/>
						<line hits="0" number="339"/>
						<line hits="0" number="344"/>
						<line hits="0" number="345"/>
						<line hits="0" number="346"/>
						<line hits="0" number="347"/>
						<line hits="0" number="349"/>
						<line hits="0" number="350"/>
						<line hits="0" number="351"/>
						<line hits="0" number="353"/>
						<line hits="0" number="354"/>
						<line hits="0" number="357"/>
						<line hits="0" number="358"/>
						<line hits="0" number="360"/>
						<line hits="0" number="362"/>
						<line hits="0" number="365"/>
						<line hits="0" number="367"/>
						<line hits="0" number="370"/>
						<line hits="0" number="372"/>
						<line hits="0" number="373"/>
						<line hits="0" number="379"/>
						<line hits="0" number="381"/>
						<line hits="0" number="382"/>
						<line hits="0" number="383"/>
						<line hits="0" number="385"/>
						<line hits="0" number="386"/>
						<line hits="0" number="387"/>
						<line hits="0" number="388"/>
						<line hits="0" number="390"/>
						<line hits="0" number="391"/>
						<line hits="0" number="392"/>
						<line hits="0" number="394"/>
						<line hits="0" number="396"/>
						<line hits="0" number="398"/>
						<line hits="0" number="399"/>
						<line hits="0" number="401"/>
						<line hits="0" number="404"/>
						<line hits="0" number="406"/>
						<line hits="0" number="407"/>
						<line hits="0" number="412"/>
						<line hits="0" number="414"/>
						<line hits="0" number="416"/>
						<line hits="0" number="417"/>
						<line hits="0" number="419"/>
						<line hits="0" number="420"/>
						<line hits="0" number="428"/>
						<line hits="0" number="430"/>
						<line hits="0" number="433"/>
						<line hits="0" number="436"/>
						<line hits="0" number="438"/>
						<line hits="0" number="447"/>
						<line hits="0" number="448"/>
						<line hits="0" number="463"/>
						<line hits="0" number="469"/>
						<line hits="0" number="471"/>
						<line hits="0" number="476"/>
						<line hits="0" number="477"/>
						<line hits="0" number="478"/>
						<line hits="0" number="481"/>
						<line hits="0" number="482"/>
						<line hits="0" number="486"/>
						<line hits="0" number="489"/>
						<line hits="0" number="492"/>
						<line hits="0" number="493"/>
						<line hits="0" number="494"/>
					</lines>
				</class>
			</classes>
		</package>
		<package branch-rate="0" complexity="0" line-rate="0" name="migrations">
			<classes>
				<class branch-rate="0" complexity="0" filename="migrations/0001_initial.py" line-rate="0" name="0001_initial.py">
					<methods/>
					<lines>
						<line hits="0" number="3"/>
						<line hits="0" number="6"/>
						<line hits="0" number="8"/>
						<line hits="0" number="10"/>
						<line hits="0" number="13"/>
					</lines>
				</class>
				<class branch-rate="0" complexity="0" filename="migrations/0002_employee_user.py" line-rate="0" name="0002_employee_user.py">
					<methods/>
					<lines>
						<line hits="0" number="3"/>
						<line hits="0" number="6"/>
						<line hits="0" number="8"/>
						<line hits="0" number="12"/>
					</lines>
				</class>
				<class branch-rate="0" complexity="0" filename="migrations/0003_auto_20190905_1011.py" line-rate="0" name="0003_auto_20190905_1011.py">
					<methods/>
					<lines>
						<line hits="0" number="3"/>
						<line hits="0" number="6"/>
						<line hits="0" number="8"/>
						<line hits="0" number="12"/>
					</lines>
				</class>
				<class branch-rate="0" complexity="0" filename="migrations/0004_department.py" line-rate="0" name="0004_department.py">
					<methods/>
					<lines>
						<line hits="0" number="3"/>
						<line hits="0" number="6"/>
						<line hits="0" number="8"/>
						<line hits="0" number="12"/>
					</lines>
				</class>
				<class branch-rate="0" complexity="0" filename="migrations/__init__.py" line-rate="1" name="__init__.py">
					<methods/>
					<lines/>
				</class>
			</classes>
		</package>
	</packages>
</coverage>
